#
# A fatal error has been detected by the Java Runtime Environment:
#
#  EXCEPTION_ACCESS_VIOLATION (0xc0000005) at pc=0x0000000062d05983, pid=5312, tid=4712
#
# JRE version: Java(TM) SE Runtime Environment (8.0_91-b14) (build 1.8.0_91-b14)
# Java VM: Java HotSpot(TM) 64-Bit Server VM (25.91-b14 mixed mode windows-amd64 compressed oops)
# Problematic frame:
# V  [jvm.dll+0x215983]
#
# Failed to write core dump. Minidumps are not enabled by default on client versions of Windows
#
# If you would like to submit a bug report, please visit:
#   http://bugreport.java.com/bugreport/crash.jsp
#

---------------  T H R E A D  ---------------

Current thread (0x0000000055c45000):  JavaThread "JDWP Transport Listener: dt_socket" daemon [_thread_in_vm, id=4712, stack(0x00000000575a0000,0x00000000576a0000)]

siginfo: ExceptionCode=0xc0000005, reading address 0x0000000000000258

Registers:
RAX=0x0000000000000200, RBX=0x0000000000000200, RCX=0x0000000000000000, RDX=0x000000005ad84780
RSP=0x000000005769f2f0, RBP=0x0000000000000000, RSI=0x000000000000000a, RDI=0x000000005ad84780
R8 =0x0000000000000200, R9 =0x0000000055c45000, R10=0x0000000000000000, R11=0x0000000000000000
R12=0x0000000000000000, R13=0x0000000055c4bde8, R14=0x0000000000000000, R15=0x0000000000000000
RIP=0x0000000062d05983, EFLAGS=0x0000000000010206

Top of Stack: (sp=0x000000005769f2f0)
0x000000005769f2f0:   0000000055c45000 000000005ad84780
0x000000005769f300:   000000005769f408 0000000062caebf7
0x000000005769f310:   000000005b0fd000 0000000062c92817
0x000000005769f320:   000000005ad84780 000000005769f408
0x000000005769f330:   000000000000000a 0000000062c98145
0x000000005769f340:   000000005b0fd000 0000000062c94679
0x000000005769f350:   0000000000000005 0000000000000000
0x000000005769f360:   0000000055c41970 000000006ce9101e
0x000000005769f370:   000000005769f408 0000000062e1f5a8
0x000000005769f380:   0000000055c45000 0000000001edae20
0x000000005769f390:   0000000057fe9638 0000000062c2ce70
0x000000005769f3a0:   0000000055c45000 0000000000000000
0x000000005769f3b0:   0000000000000000 0000000000000000
0x000000005769f3c0:   000000005769f440 000000006ce8d38b
0x000000005769f3d0:   000000005769f448 0000000057fe9638
0x000000005769f3e0:   0000000057fe9638 0000000000000000 

Instructions: (pc=0x0000000062d05983)
0x0000000062d05963:   39 61 00 00 4c 8b 1f 49 f7 c3 fe ff ff ff 74 32
0x0000000062d05973:   41 f6 c3 01 74 89 eb 2a 48 83 e3 fe 48 89 5f 10
0x0000000062d05983:   48 8b 43 58 48 89 47 10 48 89 5f 18 e8 0c 61 00
0x0000000062d05993:   00 4c 8b 1f 41 f6 c3 01 75 08 48 8b cb e8 6b 15 


Register to memory mapping:

RAX=0x0000000000000200 is an unknown value
RBX=0x0000000000000200 is an unknown value
RCX=0x0000000000000000 is an unknown value
RDX=0x000000005ad84780 is an unknown value
RSP=0x000000005769f2f0 is pointing into the stack for thread: 0x0000000055c45000
RBP=0x0000000000000000 is an unknown value
RSI=0x000000000000000a is an unknown value
RDI=0x000000005ad84780 is an unknown value
R8 =0x0000000000000200 is an unknown value
R9 =0x0000000055c45000 is a thread
R10=0x0000000000000000 is an unknown value
R11=0x0000000000000000 is an unknown value
R12=0x0000000000000000 is an unknown value
R13=0x0000000055c4bde8 is an unknown value
R14=0x0000000000000000 is an unknown value
R15=0x0000000000000000 is an unknown value


Stack: [0x00000000575a0000,0x00000000576a0000],  sp=0x000000005769f2f0,  free space=1020k
Native frames: (J=compiled Java code, j=interpreted, Vv=VM code, C=native code)


---------------  P R O C E S S  ---------------

Java Threads: ( => current thread )
  0x00000000693fe000 JavaThread "Thread-1141" [_thread_blocked, id=4164, stack(0x000000006bf50000,0x000000006c050000)]
  0x00000000693fd800 JavaThread "Thread-1140" [_thread_blocked, id=5848, stack(0x000000006a990000,0x000000006aa90000)]
  0x00000000693fc800 JavaThread "Thread-1139" [_thread_blocked, id=4328, stack(0x000000006b9e0000,0x000000006bae0000)]
  0x00000000693fc000 JavaThread "Thread-1138" [_thread_blocked, id=2996, stack(0x000000006b830000,0x000000006b930000)]
  0x00000000693fb000 JavaThread "Thread-1137" [_thread_blocked, id=5336, stack(0x000000006b720000,0x000000006b820000)]
  0x00000000693fa800 JavaThread "Thread-1136" [_thread_blocked, id=3220, stack(0x000000006b510000,0x000000006b610000)]
  0x00000000693f9800 JavaThread "Thread-1135" [_thread_blocked, id=6020, stack(0x000000006b400000,0x000000006b500000)]
  0x00000000693f9000 JavaThread "Thread-1134" [_thread_blocked, id=4048, stack(0x000000006b0f0000,0x000000006b1f0000)]
  0x00000000693d7800 JavaThread "Thread-1133" [_thread_blocked, id=7472, stack(0x000000006b230000,0x000000006b330000)]
  0x00000000693d7000 JavaThread "Thread-1132" [_thread_blocked, id=6824, stack(0x000000006afe0000,0x000000006b0e0000)]
  0x00000000693d6000 JavaThread "Thread-1131" [_thread_blocked, id=6480, stack(0x00000000629b0000,0x0000000062ab0000)]
  0x00000000693d5800 JavaThread "Thread-1130" [_thread_blocked, id=1704, stack(0x000000006adf0000,0x000000006aef0000)]
  0x00000000693d4800 JavaThread "Thread-1129" [_thread_blocked, id=3324, stack(0x000000006ac90000,0x000000006ad90000)]
  0x00000000693d4000 JavaThread "Thread-1128" [_thread_blocked, id=6704, stack(0x000000006a860000,0x000000006a960000)]
  0x00000000693d3000 JavaThread "Thread-1127" [_thread_blocked, id=5116, stack(0x000000006a6a0000,0x000000006a7a0000)]
  0x00000000693d2800 JavaThread "Thread-1126" [_thread_blocked, id=7896, stack(0x000000005cf40000,0x000000005d040000)]
  0x00000000693d1800 JavaThread "Thread-1125" [_thread_blocked, id=5916, stack(0x0000000062550000,0x0000000062650000)]
  0x00000000693d1000 JavaThread "Thread-1124" [_thread_blocked, id=5612, stack(0x000000006a540000,0x000000006a640000)]
  0x00000000608d6000 JavaThread "Thread-1123" [_thread_blocked, id=520, stack(0x000000006a320000,0x000000006a420000)]
  0x00000000608d5800 JavaThread "Thread-1122" [_thread_blocked, id=4424, stack(0x000000006a1c0000,0x000000006a2c0000)]
  0x00000000608d4800 JavaThread "Thread-1121" [_thread_blocked, id=5152, stack(0x000000006a060000,0x000000006a160000)]
  0x00000000608d4000 JavaThread "Thread-1120" [_thread_blocked, id=4292, stack(0x0000000062150000,0x0000000062250000)]
  0x00000000608d3000 JavaThread "Thread-1119" [_thread_blocked, id=4372, stack(0x0000000068f70000,0x0000000069070000)]
  0x00000000608d2800 JavaThread "Thread-1118" [_thread_blocked, id=3836, stack(0x0000000061540000,0x0000000061640000)]
  0x00000000608d1800 JavaThread "Thread-1117" [_thread_blocked, id=2872, stack(0x00000000628b0000,0x00000000629b0000)]
  0x00000000608d1000 JavaThread "Thread-1116" [_thread_blocked, id=5428, stack(0x0000000062760000,0x0000000062860000)]
  0x00000000608d0000 JavaThread "Thread-1115" [_thread_blocked, id=6540, stack(0x0000000062040000,0x0000000062140000)]
  0x00000000608cf800 JavaThread "Thread-1114" [_thread_blocked, id=5504, stack(0x0000000061eb0000,0x0000000061fb0000)]
  0x000000005b102000 JavaThread "Thread-1113" [_thread_blocked, id=1748, stack(0x0000000058750000,0x0000000058850000)]
  0x000000005b101800 JavaThread "Thread-1112" [_thread_blocked, id=5924, stack(0x000000005df60000,0x000000005e060000)]
  0x000000005b100800 JavaThread "Thread-1111" [_thread_blocked, id=5708, stack(0x000000005de30000,0x000000005df30000)]
  0x000000005b100000 JavaThread "Thread-1110" [_thread_blocked, id=4536, stack(0x0000000062650000,0x0000000062750000)]
  0x000000005b0ff000 JavaThread "Thread-1109" [_thread_blocked, id=5576, stack(0x0000000062440000,0x0000000062540000)]
  0x000000005b0fe800 JavaThread "Thread-1108" [_thread_blocked, id=3176, stack(0x000000005f4c0000,0x000000005f5c0000)]
  0x000000005b0fd800 JavaThread "Thread-1107" [_thread_blocked, id=6084, stack(0x00000000622b0000,0x00000000623b0000)]
  0x000000005b0fc000 JavaThread "Thread-1106" [_thread_blocked, id=6724, stack(0x0000000061430000,0x0000000061530000)]
  0x000000005b0fd000 JavaThread "Thread-1105" [_thread_blocked, id=6576, stack(0x000000005e150000,0x000000005e250000)]
  0x000000005ae60000 JavaThread "Direct Clip" daemon [_thread_blocked, id=532, stack(0x000000005f270000,0x000000005f370000)]
  0x000000005ae5f000 JavaThread "Java Sound Event Dispatcher" daemon [_thread_blocked, id=5412, stack(0x000000005ea60000,0x000000005eb60000)]
  0x0000000001f01000 JavaThread "DestroyJavaVM" [_thread_blocked, id=5948, stack(0x0000000002000000,0x0000000002100000)]
  0x0000000057fef800 JavaThread "D3D Screen Updater" daemon [_thread_blocked, id=4592, stack(0x000000005c0c0000,0x000000005c1c0000)]
  0x0000000057fee800 JavaThread "AWT-EventQueue-0" [_thread_blocked, id=1036, stack(0x000000005a9b0000,0x000000005aab0000)]
  0x0000000057fdf800 JavaThread "TimerQueue" daemon [_thread_blocked, id=8076, stack(0x000000005a750000,0x000000005a850000)]
  0x0000000057f47000 JavaThread "AWT-Windows" daemon [_thread_in_native, id=4100, stack(0x0000000058530000,0x0000000058630000)]
  0x0000000057f45000 JavaThread "AWT-Shutdown" [_thread_blocked, id=3900, stack(0x0000000058150000,0x0000000058250000)]
  0x0000000057f44800 JavaThread "Java2D Disposer" daemon [_thread_blocked, id=6764, stack(0x00000000583e0000,0x00000000584e0000)]
  0x0000000055c9e000 JavaThread "Service Thread" daemon [_thread_blocked, id=7352, stack(0x0000000058040000,0x0000000058140000)]
  0x0000000055c6f000 JavaThread "C1 CompilerThread1" daemon [_thread_blocked, id=4608, stack(0x0000000057840000,0x0000000057940000)]
  0x0000000055c61000 JavaThread "C2 CompilerThread0" daemon [_thread_in_native, id=3300, stack(0x0000000057af0000,0x0000000057bf0000)]
  0x0000000055c55800 JavaThread "JDWP Command Reader" daemon [_thread_in_native, id=1760, stack(0x0000000057980000,0x0000000057a80000)]
  0x0000000055c50000 JavaThread "JDWP Event Helper Thread" daemon [_thread_blocked, id=6688, stack(0x00000000576f0000,0x00000000577f0000)]
=>0x0000000055c45000 JavaThread "JDWP Transport Listener: dt_socket" daemon [_thread_in_vm, id=4712, stack(0x00000000575a0000,0x00000000576a0000)]
  0x0000000055c3a000 JavaThread "Attach Listener" daemon [_thread_blocked, id=6712, stack(0x0000000056af0000,0x0000000056bf0000)]
  0x0000000055c38800 JavaThread "Signal Dispatcher" daemon [_thread_blocked, id=3840, stack(0x0000000056cb0000,0x0000000056db0000)]
  0x0000000055c19000 JavaThread "Finalizer" daemon [_thread_blocked, id=6040, stack(0x00000000569d0000,0x0000000056ad0000)]
  0x0000000055bd7800 JavaThread "Reference Handler" daemon [_thread_blocked, id=8000, stack(0x00000000568b0000,0x00000000569b0000)]

Other Threads:
  0x0000000055bcd800 VMThread [stack: 0x0000000056710000,0x0000000056810000] [id=4624]
  0x0000000057c34000 WatcherThread [stack: 0x0000000058250000,0x0000000058350000] [id=7928]

VM state:not at safepoint (normal execution)

VM Mutex/Monitor currently owned by a thread: None

Heap:
 PSYoungGen      total 28672K, used 1687K [0x00000000e0000000, 0x00000000e2300000, 0x0000000100000000)
  eden space 21504K, 7% used [0x00000000e0000000,0x00000000e018dfe8,0x00000000e1500000)
  from space 7168K, 1% used [0x00000000e1c00000,0x00000000e1c18000,0x00000000e2300000)
  to   space 7168K, 0% used [0x00000000e1500000,0x00000000e1500000,0x00000000e1c00000)
 ParOldGen       total 65536K, used 27042K [0x00000000a0000000, 0x00000000a4000000, 0x00000000e0000000)
  object space 65536K, 41% used [0x00000000a0000000,0x00000000a1a68be8,0x00000000a4000000)
 Metaspace       used 11125K, capacity 11368K, committed 11648K, reserved 1058816K
  class space    used 1297K, capacity 1388K, committed 1408K, reserved 1048576K

Card table byte_map: [0x0000000011790000,0x0000000011aa0000] byte_map_base: 0x0000000011290000

Marking Bits: (ParMarkBitMap*) 0x0000000063302f70
 Begin Bits: [0x0000000011fa0000, 0x00000000137a0000)
 End Bits:   [0x00000000137a0000, 0x0000000014fa0000)

Polling page: 0x0000000000300000

CodeCache: size=245760Kb used=6238Kb max_used=6251Kb free=239521Kb
 bounds [0x00000000023d0000, 0x0000000002a00000, 0x00000000113d0000]
 total_blobs=2062 nmethods=1574 adapters=409
 compilation: enabled

Compilation events (10 events):
Event: 36.988 Thread 0x0000000055c6f000 nmethod 1591 0x00000000029c4e50 code [0x00000000029c5020, 0x00000000029c5678]
Event: 38.785 Thread 0x0000000055c6f000 1592       3       java.awt.image.ColorModel::<init> (342 bytes)
Event: 38.787 Thread 0x0000000055c6f000 nmethod 1592 0x00000000029decd0 code [0x00000000029df040, 0x00000000029e0b58]
Event: 38.955 Thread 0x0000000055c61000 1593       4       sun.java2d.pipe.Region::clipAdd (40 bytes)
Event: 38.955 Thread 0x0000000055c61000 nmethod 1593 0x00000000029c2810 code [0x00000000029c2940, 0x00000000029c29d8]
Event: 38.955 Thread 0x0000000055c61000 1594       4       java.lang.Math::max (11 bytes)
Event: 38.955 Thread 0x0000000055c61000 nmethod 1594 0x000000000259d290 code [0x000000000259d3c0, 0x000000000259d418]
Event: 39.393 Thread 0x0000000055c61000 1595       4       java.awt.image.ColorModel::<init> (342 bytes)
Event: 39.401 Thread 0x0000000055c61000 nmethod 1595 0x00000000029c41d0 code [0x00000000029c4340, 0x00000000029c49b8]
Event: 41.152 Thread 0x0000000055c61000 1596   !   4       sun.java2d.SunGraphics2D::drawImage (145 bytes)

GC Heap History (10 events):
Event: 35.388 GC heap before
{Heap before GC invocations=8 (full 0):
 PSYoungGen      total 28672K, used 23232K [0x00000000e0000000, 0x00000000e2280000, 0x0000000100000000)
  eden space 23040K, 100% used [0x00000000e0000000,0x00000000e1680000,0x00000000e1680000)
  from space 5632K, 3% used [0x00000000e1700000,0x00000000e1730000,0x00000000e1c80000)
  to   space 6144K, 0% used [0x00000000e1c80000,0x00000000e1c80000,0x00000000e2280000)
 ParOldGen       total 65536K, used 20289K [0x00000000a0000000, 0x00000000a4000000, 0x00000000e0000000)
  object space 65536K, 30% used [0x00000000a0000000,0x00000000a13d0528,0x00000000a4000000)
 Metaspace       used 11125K, capacity 11368K, committed 11648K, reserved 1058816K
  class space    used 1297K, capacity 1388K, committed 1408K, reserved 1048576K
Event: 35.389 GC heap after
Heap after GC invocations=8 (full 0):
 PSYoungGen      total 28672K, used 96K [0x00000000e0000000, 0x00000000e2300000, 0x0000000100000000)
  eden space 22528K, 0% used [0x00000000e0000000,0x00000000e0000000,0x00000000e1600000)
  from space 6144K, 1% used [0x00000000e1c80000,0x00000000e1c98000,0x00000000e2280000)
  to   space 6656K, 0% used [0x00000000e1600000,0x00000000e1600000,0x00000000e1c80000)
 ParOldGen       total 65536K, used 20337K [0x00000000a0000000, 0x00000000a4000000, 0x00000000e0000000)
  object space 65536K, 31% used [0x00000000a0000000,0x00000000a13dc528,0x00000000a4000000)
 Metaspace       used 11125K, capacity 11368K, committed 11648K, reserved 1058816K
  class space    used 1297K, capacity 1388K, committed 1408K, reserved 1048576K
}
Event: 37.319 GC heap before
{Heap before GC invocations=9 (full 0):
 PSYoungGen      total 28672K, used 22624K [0x00000000e0000000, 0x00000000e2300000, 0x0000000100000000)
  eden space 22528K, 100% used [0x00000000e0000000,0x00000000e1600000,0x00000000e1600000)
  from space 6144K, 1% used [0x00000000e1c80000,0x00000000e1c98000,0x00000000e2280000)
  to   space 6656K, 0% used [0x00000000e1600000,0x00000000e1600000,0x00000000e1c80000)
 ParOldGen       total 65536K, used 20337K [0x00000000a0000000, 0x00000000a4000000, 0x00000000e0000000)
  object space 65536K, 31% used [0x00000000a0000000,0x00000000a13dc528,0x00000000a4000000)
 Metaspace       used 11125K, capacity 11368K, committed 11648K, reserved 1058816K
  class space    used 1297K, capacity 1388K, committed 1408K, reserved 1048576K
Event: 37.320 GC heap after
Heap after GC invocations=9 (full 0):
 PSYoungGen      total 22528K, used 64K [0x00000000e0000000, 0x00000000e2280000, 0x0000000100000000)
  eden space 22016K, 0% used [0x00000000e0000000,0x00000000e0000000,0x00000000e1580000)
  from space 512K, 12% used [0x00000000e1600000,0x00000000e1610000,0x00000000e1680000)
  to   space 6656K, 0% used [0x00000000e1c00000,0x00000000e1c00000,0x00000000e2280000)
 ParOldGen       total 65536K, used 20353K [0x00000000a0000000, 0x00000000a4000000, 0x00000000e0000000)
  object space 65536K, 31% used [0x00000000a0000000,0x00000000a13e0528,0x00000000a4000000)
 Metaspace       used 11125K, capacity 11368K, committed 11648K, reserved 1058816K
  class space    used 1297K, capacity 1388K, committed 1408K, reserved 1048576K
}
Event: 38.781 GC heap before
{Heap before GC invocations=10 (full 0):
 PSYoungGen      total 22528K, used 20904K [0x00000000e0000000, 0x00000000e2280000, 0x0000000100000000)
  eden space 22016K, 94% used [0x00000000e0000000,0x00000000e145a3e0,0x00000000e1580000)
  from space 512K, 12% used [0x00000000e1600000,0x00000000e1610000,0x00000000e1680000)
  to   space 6656K, 0% used [0x00000000e1c00000,0x00000000e1c00000,0x00000000e2280000)
 ParOldGen       total 65536K, used 20353K [0x00000000a0000000, 0x00000000a4000000, 0x00000000e0000000)
  object space 65536K, 31% used [0x00000000a0000000,0x00000000a13e0528,0x00000000a4000000)
 Metaspace       used 11125K, capacity 11368K, committed 11648K, reserved 1058816K
  class space    used 1297K, capacity 1388K, committed 1408K, reserved 1048576K
Event: 38.784 GC heap after
Heap after GC invocations=10 (full 0):
 PSYoungGen      total 28160K, used 4503K [0x00000000e0000000, 0x00000000e2300000, 0x0000000100000000)
  eden space 21504K, 0% used [0x00000000e0000000,0x00000000e0000000,0x00000000e1500000)
  from space 6656K, 67% used [0x00000000e1c00000,0x00000000e2065f20,0x00000000e2280000)
  to   space 7168K, 0% used [0x00000000e1500000,0x00000000e1500000,0x00000000e1c00000)
 ParOldGen       total 65536K, used 22587K [0x00000000a0000000, 0x00000000a4000000, 0x00000000e0000000)
  object space 65536K, 34% used [0x00000000a0000000,0x00000000a160ecc8,0x00000000a4000000)
 Metaspace       used 11125K, capacity 11368K, committed 11648K, reserved 1058816K
  class space    used 1297K, capacity 1388K, committed 1408K, reserved 1048576K
}
Event: 40.113 GC heap before
{Heap before GC invocations=11 (full 0):
 PSYoungGen      total 28160K, used 26007K [0x00000000e0000000, 0x00000000e2300000, 0x0000000100000000)
  eden space 21504K, 100% used [0x00000000e0000000,0x00000000e1500000,0x00000000e1500000)
  from space 6656K, 67% used [0x00000000e1c00000,0x00000000e2065f20,0x00000000e2280000)
  to   space 7168K, 0% used [0x00000000e1500000,0x00000000e1500000,0x00000000e1c00000)
 ParOldGen       total 65536K, used 22587K [0x00000000a0000000, 0x00000000a4000000, 0x00000000e0000000)
  object space 65536K, 34% used [0x00000000a0000000,0x00000000a160ecc8,0x00000000a4000000)
 Metaspace       used 11125K, capacity 11368K, committed 11648K, reserved 1058816K
  class space    used 1297K, capacity 1388K, committed 1408K, reserved 1048576K
Event: 40.115 GC heap after
Heap after GC invocations=11 (full 0):
 PSYoungGen      total 28672K, used 96K [0x00000000e0000000, 0x00000000e2300000, 0x0000000100000000)
  eden space 21504K, 0% used [0x00000000e0000000,0x00000000e0000000,0x00000000e1500000)
  from space 7168K, 1% used [0x00000000e1500000,0x00000000e1518000,0x00000000e1c00000)
  to   space 7168K, 0% used [0x00000000e1c00000,0x00000000e1c00000,0x00000000e2300000)
 ParOldGen       total 65536K, used 27042K [0x00000000a0000000, 0x00000000a4000000, 0x00000000e0000000)
  object space 65536K, 41% used [0x00000000a0000000,0x00000000a1a68be8,0x00000000a4000000)
 Metaspace       used 11125K, capacity 11368K, committed 11648K, reserved 1058816K
  class space    used 1297K, capacity 1388K, committed 1408K, reserved 1048576K
}
Event: 41.674 GC heap before
{Heap before GC invocations=12 (full 0):
 PSYoungGen      total 28672K, used 21600K [0x00000000e0000000, 0x00000000e2300000, 0x0000000100000000)
  eden space 21504K, 100% used [0x00000000e0000000,0x00000000e1500000,0x00000000e1500000)
  from space 7168K, 1% used [0x00000000e1500000,0x00000000e1518000,0x00000000e1c00000)
  to   space 7168K, 0% used [0x00000000e1c00000,0x00000000e1c00000,0x00000000e2300000)
 ParOldGen       total 65536K, used 27042K [0x00000000a0000000, 0x00000000a4000000, 0x00000000e0000000)
  object space 65536K, 41% used [0x00000000a0000000,0x00000000a1a68be8,0x00000000a4000000)
 Metaspace       used 11125K, capacity 11368K, committed 11648K, reserved 1058816K
  class space    used 1297K, capacity 1388K, committed 1408K, reserved 1048576K
Event: 41.675 GC heap after
Heap after GC invocations=12 (full 0):
 PSYoungGen      total 28672K, used 96K [0x00000000e0000000, 0x00000000e2300000, 0x0000000100000000)
  eden space 21504K, 0% used [0x00000000e0000000,0x00000000e0000000,0x00000000e1500000)
  from space 7168K, 1% used [0x00000000e1c00000,0x00000000e1c18000,0x00000000e2300000)
  to   space 7168K, 0% used [0x00000000e1500000,0x00000000e1500000,0x00000000e1c00000)
 ParOldGen       total 65536K, used 27042K [0x00000000a0000000, 0x00000000a4000000, 0x00000000e0000000)
  object space 65536K, 41% used [0x00000000a0000000,0x00000000a1a68be8,0x00000000a4000000)
 Metaspace       used 11125K, capacity 11368K, committed 11648K, reserved 1058816K
  class space    used 1297K, capacity 1388K, committed 1408K, reserved 1048576K
}

Deoptimization events (7 events):
Event: 0.389 Thread 0x0000000001f01000 Uncommon trap: reason=null_check action=make_not_entrant pc=0x000000000253cc14 method=java.lang.String.equals(Ljava/lang/Object;)Z @ 8
Event: 0.687 Thread 0x0000000057f4d800 Uncommon trap: reason=unstable_if action=reinterpret pc=0x00000000025c697c method=sun.awt.image.PNGImageDecoder.produceImage()V @ 867
Event: 0.698 Thread 0x0000000057f4d800 Uncommon trap: reason=unstable_if action=reinterpret pc=0x00000000025d78fc method=sun.awt.image.ImageRepresentation.getOpaqueRGBImage()Ljava/awt/image/BufferedImage; @ 57
Event: 20.042 Thread 0x000000005b0da000 Uncommon trap: reason=unstable_if action=reinterpret pc=0x00000000028cc424 method=sun.awt.image.IntegerComponentRaster.verify()V @ 243
Event: 25.427 Thread 0x000000005b0da000 Uncommon trap: reason=unstable_if action=reinterpret pc=0x00000000028e80d4 method=java.awt.image.DirectColorModel.createCompatibleWritableRaster(II)Ljava/awt/image/WritableRaster; @ 53
Event: 25.427 Thread 0x000000005b0da000 Uncommon trap: reason=unstable_if action=reinterpret pc=0x00000000028e16a4 method=java.awt.image.DirectColorModel.getDataElements(ILjava/lang/Object;)Ljava/lang/Object; @ 41
Event: 38.772 Thread 0x000000005b0fc000 Uncommon trap: reason=unstable_if action=reinterpret pc=0x0000000002598178 method=java.awt.image.ColorModel.<init>(I[ILjava/awt/color/ColorSpace;ZZII)V @ 77

Internal exceptions (10 events):
Event: 0.149 Thread 0x0000000001f01000 Exception <a 'java/security/PrivilegedActionException'> (0x00000000e01c4b68) thrown at [C:\re\workspace\8-2-build-windows-amd64-cygwin\jdk8u91\6644\hotspot\src\share\vm\prims\jvm.cpp, line 1386]
Event: 0.149 Thread 0x0000000001f01000 Exception <a 'java/security/PrivilegedActionException'> (0x00000000e01c4d78) thrown at [C:\re\workspace\8-2-build-windows-amd64-cygwin\jdk8u91\6644\hotspot\src\share\vm\prims\jvm.cpp, line 1386]
Event: 0.150 Thread 0x0000000001f01000 Exception <a 'java/security/PrivilegedActionException'> (0x00000000e01c8920) thrown at [C:\re\workspace\8-2-build-windows-amd64-cygwin\jdk8u91\6644\hotspot\src\share\vm\prims\jvm.cpp, line 1386]
Event: 0.150 Thread 0x0000000001f01000 Exception <a 'java/security/PrivilegedActionException'> (0x00000000e01c8b30) thrown at [C:\re\workspace\8-2-build-windows-amd64-cygwin\jdk8u91\6644\hotspot\src\share\vm\prims\jvm.cpp, line 1386]
Event: 0.153 Thread 0x0000000001f01000 Exception <a 'java/io/FileNotFoundException'> (0x00000000e01cb0a8) thrown at [C:\re\workspace\8-2-build-windows-amd64-cygwin\jdk8u91\6644\hotspot\src\share\vm\prims\jni.cpp, line 709]
Event: 0.202 Thread 0x0000000001f01000 Exception <a 'java/lang/NoSuchFieldError': method resolution failed> (0x00000000e0298bc8) thrown at [C:\re\workspace\8-2-build-windows-amd64-cygwin\jdk8u91\6644\hotspot\src\share\vm\prims\methodHandles.cpp, line 1146]
Event: 0.209 Thread 0x0000000001f01000 Exception <a 'java/lang/NoSuchFieldError': method resolution failed> (0x00000000e02a5f98) thrown at [C:\re\workspace\8-2-build-windows-amd64-cygwin\jdk8u91\6644\hotspot\src\share\vm\prims\methodHandles.cpp, line 1146]
Event: 0.314 Thread 0x0000000057f4d800 Exception <a 'java/lang/InterruptedException': sleep interrupted> (0x00000000e0460968) thrown at [C:\re\workspace\8-2-build-windows-amd64-cygwin\jdk8u91\6644\hotspot\src\share\vm\prims\jvm.cpp, line 3167]
Event: 0.321 Thread 0x0000000001f01000 Exception <a 'java/io/FileNotFoundException'> (0x00000000e035e458) thrown at [C:\re\workspace\8-2-build-windows-amd64-cygwin\jdk8u91\6644\hotspot\src\share\vm\prims\jni.cpp, line 709]
Event: 0.389 Thread 0x0000000001f01000 Implicit null exception at 0x000000000253c995 to 0x000000000253cc05

Events (10 events):
Event: 42.203 Thread 0x00000000693d4800 Thread added: 0x00000000693d4800
Event: 42.219 Thread 0x00000000693d5800 Thread added: 0x00000000693d5800
Event: 42.234 Thread 0x00000000693d6000 Thread added: 0x00000000693d6000
Event: 42.250 Thread 0x00000000693d7000 Thread added: 0x00000000693d7000
Event: 42.266 Thread 0x00000000693d7800 Thread added: 0x00000000693d7800
Event: 42.282 Thread 0x00000000693f9000 Thread added: 0x00000000693f9000
Event: 42.298 Thread 0x00000000693f9800 Thread added: 0x00000000693f9800
Event: 42.314 Thread 0x00000000693fa800 Thread added: 0x00000000693fa800
Event: 42.330 Thread 0x00000000693fb000 Thread added: 0x00000000693fb000
Event: 42.346 Thread 0x00000000693fc000 Thread added: 0x00000000693fc000


Dynamic libraries:
0x000000013f980000 - 0x000000013f9b7000 	C:\Program Files\Java\jre1.8.0_91\bin\javaw.exe
0x0000000076cf0000 - 0x0000000076e9a000 	C:\Windows\SYSTEM32\ntdll.dll
0x0000000076ad0000 - 0x0000000076bef000 	C:\Windows\system32\kernel32.dll
0x000007fefcb80000 - 0x000007fefcbea000 	C:\Windows\system32\KERNELBASE.dll
0x000007fefe730000 - 0x000007fefe80b000 	C:\Windows\system32\ADVAPI32.dll
0x000007fefe830000 - 0x000007fefe8cf000 	C:\Windows\system32\msvcrt.dll
0x000007fefe810000 - 0x000007fefe82f000 	C:\Windows\SYSTEM32\sechost.dll
0x000007fefee20000 - 0x000007fefef4d000 	C:\Windows\system32\RPCRT4.dll
0x0000000076bf0000 - 0x0000000076cea000 	C:\Windows\system32\USER32.dll
0x000007fefe620000 - 0x000007fefe687000 	C:\Windows\system32\GDI32.dll
0x000007fefeff0000 - 0x000007fefeffe000 	C:\Windows\system32\LPK.dll
0x000007fefe550000 - 0x000007fefe61a000 	C:\Windows\system32\USP10.dll
0x000007fefb3d0000 - 0x000007fefb5c4000 	C:\Windows\WinSxS\amd64_microsoft.windows.common-controls_6595b64144ccf1df_6.0.7601.18837_none_fa3b1e3d17594757\COMCTL32.dll
0x000007fefe360000 - 0x000007fefe3d1000 	C:\Windows\system32\SHLWAPI.dll
0x000007fefed60000 - 0x000007fefed8e000 	C:\Windows\system32\IMM32.DLL
0x000007fefcef0000 - 0x000007fefcff9000 	C:\Windows\system32\MSCTF.dll
0x000000006ccf0000 - 0x000000006cdc2000 	C:\Program Files\Java\jre1.8.0_91\bin\msvcr100.dll
0x0000000062af0000 - 0x0000000063383000 	C:\Program Files\Java\jre1.8.0_91\bin\server\jvm.dll
0x000007fefbf20000 - 0x000007fefbf29000 	C:\Windows\system32\WSOCK32.dll
0x000007fefd000000 - 0x000007fefd04d000 	C:\Windows\system32\WS2_32.dll
0x000007fefed90000 - 0x000007fefed98000 	C:\Windows\system32\NSI.dll
0x000007fefa840000 - 0x000007fefa87b000 	C:\Windows\system32\WINMM.dll
0x000007fefbf10000 - 0x000007fefbf1c000 	C:\Windows\system32\VERSION.dll
0x0000000076ec0000 - 0x0000000076ec7000 	C:\Windows\system32\PSAPI.DLL
0x000000006ded0000 - 0x000000006dedf000 	C:\Program Files\Java\jre1.8.0_91\bin\verify.dll
0x000000006ced0000 - 0x000000006cef9000 	C:\Program Files\Java\jre1.8.0_91\bin\java.dll
0x000000006ce70000 - 0x000000006cea5000 	C:\Program Files\Java\jre1.8.0_91\bin\jdwp.dll
0x000000006ce60000 - 0x000000006ce68000 	C:\Program Files\Java\jre1.8.0_91\bin\npt.dll
0x000000006d9b0000 - 0x000000006d9c6000 	C:\Program Files\Java\jre1.8.0_91\bin\zip.dll
0x000007fefd5d0000 - 0x000007fefe359000 	C:\Windows\system32\SHELL32.dll
0x000007fefd3c0000 - 0x000007fefd5c3000 	C:\Windows\system32\ole32.dll
0x000007fefcb40000 - 0x000007fefcb4f000 	C:\Windows\system32\profapi.dll
0x000000006d980000 - 0x000000006d989000 	C:\Program Files\Java\jre1.8.0_91\bin\dt_socket.dll
0x000007fefaa90000 - 0x000007fefaaa5000 	C:\Windows\system32\NLAapi.dll
0x000007fef92d0000 - 0x000007fef92e5000 	C:\Windows\system32\napinsp.dll
0x000007fef9290000 - 0x000007fef92a9000 	C:\Windows\system32\pnrpnsp.dll
0x000007fefc2d0000 - 0x000007fefc325000 	C:\Windows\System32\mswsock.dll
0x000007fefc150000 - 0x000007fefc1ab000 	C:\Windows\system32\DNSAPI.dll
0x000007fef92c0000 - 0x000007fef92cb000 	C:\Windows\System32\winrnr.dll
0x000007fef9210000 - 0x000007fef923e000 	C:\Program Files\Common Files\Microsoft Shared\Windows Live\WLIDNSP.DLL
0x00000000745c0000 - 0x00000000745e6000 	C:\Program Files\Bonjour\mdnsNSP.dll
0x000007fefa2a0000 - 0x000007fefa2c7000 	C:\Windows\system32\Iphlpapi.DLL
0x000007fefa2d0000 - 0x000007fefa2db000 	C:\Windows\system32\WINNSI.DLL
0x000007fefa150000 - 0x000007fefa1a3000 	C:\Windows\System32\fwpuclnt.dll
0x000007fef9170000 - 0x000007fef9178000 	C:\Windows\system32\rasadhlp.dll
0x000007fefbb20000 - 0x000007fefbb27000 	C:\Windows\System32\wshtcpip.dll
0x000000006aa90000 - 0x000000006ac28000 	C:\Program Files\Java\jre1.8.0_91\bin\awt.dll
0x000007fefd050000 - 0x000007fefd128000 	C:\Windows\system32\OLEAUT32.dll
0x000007fefb110000 - 0x000007fefb166000 	C:\Windows\system32\uxtheme.dll
0x000007fef5a50000 - 0x000007fef5acf000 	C:\Program Files\Common Files\microsoft shared\ink\tiptsf.dll
0x000007fefa500000 - 0x000007fefa518000 	C:\Windows\system32\dwmapi.dll
0x000007fefc9d0000 - 0x000007fefc9df000 	C:\Windows\system32\CRYPTBASE.dll
0x000007fef43c0000 - 0x000007fef45bf000 	C:\Windows\system32\d3d9.dll
0x000007fefad00000 - 0x000007fefad07000 	C:\Windows\system32\d3d8thk.dll
0x000007feeeb50000 - 0x000007feef474000 	C:\Windows\system32\nvd3dumx.dll
0x000007fefb1c0000 - 0x000007fefb1ec000 	C:\Windows\system32\powrprof.dll
0x000007fefeb80000 - 0x000007fefed57000 	C:\Windows\system32\SETUPAPI.dll
0x000007fefcc20000 - 0x000007fefcc56000 	C:\Windows\system32\CFGMGR32.dll
0x000007fefcb60000 - 0x000007fefcb7a000 	C:\Windows\system32\DEVOBJ.dll
0x000000006ce10000 - 0x000000006ce57000 	C:\Program Files\Java\jre1.8.0_91\bin\fontmanager.dll
0x000007fefe690000 - 0x000007fefe729000 	C:\Windows\system32\CLBCatQ.DLL
0x000007fef9710000 - 0x000007fef9764000 	C:\Windows\system32\oleacc.dll
0x000000006d990000 - 0x000000006d9aa000 	C:\Program Files\Java\jre1.8.0_91\bin\net.dll
0x000007fefc2c0000 - 0x000007fefc2c7000 	C:\Windows\System32\wship6.dll
0x000000006ceb0000 - 0x000000006cec1000 	C:\Program Files\Java\jre1.8.0_91\bin\nio.dll
0x000000006bc10000 - 0x000000006bc52000 	C:\Program Files\Java\jre1.8.0_91\bin\t2k.dll
0x000000006ce00000 - 0x000000006ce0c000 	C:\Program Files\Java\jre1.8.0_91\bin\jsound.dll
0x000000006cdf0000 - 0x000000006cdfb000 	C:\Program Files\Java\jre1.8.0_91\bin\jsoundds.dll
0x000007fef4140000 - 0x000007fef41c8000 	C:\Windows\system32\DSOUND.dll
0x000007fefb170000 - 0x000007fefb1bb000 	C:\Windows\system32\MMDevAPI.DLL
0x000007fefafb0000 - 0x000007fefb0dc000 	C:\Windows\system32\PROPSYS.dll
0x000007fef55b0000 - 0x000007fef55eb000 	C:\Windows\system32\wdmaud.drv
0x00000000745a0000 - 0x00000000745a6000 	C:\Windows\system32\ksuser.dll
0x000007fefb0e0000 - 0x000007fefb0e9000 	C:\Windows\system32\AVRT.dll
0x000007fefa6d0000 - 0x000007fefa71f000 	C:\Windows\system32\AUDIOSES.DLL
0x000007fef97b0000 - 0x000007fef97ba000 	C:\Windows\system32\msacm32.drv
0x000007fef79f0000 - 0x000007fef7a08000 	C:\Windows\system32\MSACM32.dll
0x000007fef9010000 - 0x000007fef9019000 	C:\Windows\system32\midimap.dll
0x000007fef7090000 - 0x000007fef71b5000 	C:\Windows\system32\dbghelp.dll

VM Arguments:
jvm_args: -agentlib:jdwp=transport=dt_socket,suspend=y,address=localhost:57526 -Dfile.encoding=Cp1252 
java_command: org.fbla.game.Bridge
java_class_path (initial): C:\Users\cameron Witcher\workspaces\FBLA\Trinnorica\Trinnorica\bin
Launcher Type: SUN_STANDARD

Environment Variables:
CLASSPATH=.;C:\Program Files (x86)\Java\jre6\lib\ext\QTJava.zip
PATH=C:/Program Files/Java/jre1.8.0_91/bin/server;C:/Program Files/Java/jre1.8.0_91/bin;C:/Program Files/Java/jre1.8.0_91/lib/amd64;C:\ProgramData\Oracle\Java\javapath;C:\Program Files\Common Files\Microsoft Shared\Windows Live;C:\Program Files (x86)\Common Files\Microsoft Shared\Windows Live;C:\Windows\system32;C:\Windows;C:\Windows\System32\Wbem;C:\Windows\System32\WindowsPowerShell\v1.0\;C:\Program Files (x86)\NTRU Cryptosystems\NTRU TCG Software Stack\bin\;C:\Program Files\NTRU Cryptosystems\NTRU TCG Software Stack\bin\;C:\Program Files\Dell\Dell Data Protection\Access\Advanced\Wave\Gemalto\Access Client\v5\;C:\Program Files (x86)\Windows Live\Shared;C:\Program Files (x86)\Common Files\Roxio Shared\DLLShared\;C:\Program Files (x86)\Common Files\Roxio Shared\OEM\DLLShared\;C:\Program Files (x86)\Common Files\Roxio Shared\OEM\DLLShared\;C:\Program Files (x86)\Common Files\Roxio Shared\OEM\12.0\DLLShared\;C:\Program Files (x86)\Roxio\OEM\AudioCore\;C:\Program Files (x86)\QuickTime\QTSystem\;C:\Program Files (x86)\Heroku\bin;C:\Program Files (x86)\git\cmd;C:\Program Files\nodejs\;C:\Program Files (x86)\GtkSharp\2.12\bin;C:\Users\cameron Witcher\AppData\Local\Programs\Python\Python35-32\Scripts\;C:\Users\cameron Witcher\AppData\Local\Programs\Python\Python35-32\;C:\Ruby22\bin;C:\Users\cameron Witcher\AppData\Roaming\npm;C:\Users\cameron Witcher\Desktop;
USERNAME=Cameron Witcher
OS=Windows_NT
PROCESSOR_IDENTIFIER=Intel64 Family 6 Model 26 Stepping 5, GenuineIntel



---------------  S Y S T E M  ---------------

OS: Windows 7 , 64 bit Build 7601 (6.1.7601.23392)

CPU:total 2 (2 cores per cpu, 1 threads per core) family 6 model 26 stepping 5, cmov, cx8, fxsr, mmx, sse, sse2, sse3, ssse3, sse4.1, sse4.2, popcnt, tsc, tscinvbit, tscinv

Memory: 4k page, physical 6288952k(2623164k free), swap 12576048k(7598288k free)

vm_info: Java HotSpot(TM) 64-Bit Server VM (25.91-b14) for windows-amd64 JRE (1.8.0_91-b14), built on Apr  1 2016 00:58:32 by "java_re" with MS VC++ 10.0 (VS2010)

time: Fri Apr 29 13:44:10 2016
elapsed time: 42 seconds (0d 0h 0m 42s)

